PCAD Importer Log
Project : ÈÍÄÓÊÒÈÂÍÎÑÒÜ.LibPkg

Section : D:\Ğóñëàí\Ó÷åáà\ÒÏÊÑ\Libs\ÈÍÄÓÊÒÈÂÍÎÑÒÜ.LIA
    Section : PCB Library - ÈÍÄÓÊÒÈÂÍÎÑÒÜ.PcbLib
        Section : Load Messages
            Warning - 1 : Skipping Token L(ÓÏĞÀÂËÅÍÈß) On Line 210
            Warning - 1 : Skipping Token attachedSymbol On Line 247
            Warning - 1 : Skipping Token attachedSymbol On Line 268
        EndSection

        Section : Import Messages
        EndSection
    EndSection

    Section : SCH Library - ÈÍÄÓÊÒÈÂÍÎÑÒÜ.SchLib
        Section : Parsing Messages
            Warning - 1 : Skipping Token padStyleDef On Line 13
            Warning - 1 : Skipping Token padStyleDef On Line 23
            Warning - 1 : Skipping Token viaStyleDef On Line 33
            Warning - 1 : Skipping Token multiLayer On Line 178
            Warning - 1 : Skipping Token layerContents On Line 182
            Warning - 1 : Skipping Token multiLayer On Line 197
            Warning - 1 : Skipping Token layerContents On Line 201
            Warning - 1 : Skipping Token defaultPinDes On Line 218
            Warning - 1 : Skipping Token defaultPinDes On Line 226
        EndSection

        Section : Generating SCH Library - ÈÍÄÓÊÒÈÂÍÎÑÒÜ.SchLib
        EndSection
    EndSection
EndSection
